D:\PROJECT\GAME\DIRECTX\TANK\PINGPONG\DEBUG\GAME.OBJ
D:\PROJECT\GAME\DIRECTX\TANK\PINGPONG\DEBUG\VC110.PDB
D:\PROJECT\GAME\DIRECTX\TANK\PINGPONG\DEBUG\WINMAIN.OBJ
D:\PROJECT\GAME\DIRECTX\TANK\PINGPONG\DEBUG\MCONTENT.OBJ
D:\PROJECT\GAME\DIRECTX\TANK\PINGPONG\DEBUG\MGRAPHIC.OBJ
D:\PROJECT\GAME\DIRECTX\TANK\PINGPONG\DEBUG\MKEYBOARD.OBJ
D:\PROJECT\GAME\DIRECTX\TANK\PINGPONG\DEBUG\BALL.OBJ
D:\PROJECT\GAME\DIRECTX\TANK\PINGPONG\DEBUG\BAT.OBJ
D:\PROJECT\GAME\DIRECTX\TANK\DEBUG\PINGPONG.ILK
D:\PROJECT\GAME\DIRECTX\TANK\DEBUG\PINGPONG.EXE
D:\PROJECT\GAME\DIRECTX\TANK\DEBUG\PINGPONG.PDB
D:\PROJECT\Game\DirectX\Tank\PingPong\Debug\Ball.obj
D:\PROJECT\Game\DirectX\Tank\PingPong\Debug\Bat.obj
D:\PROJECT\Game\DirectX\Tank\PingPong\Debug\Game.obj
D:\PROJECT\Game\DirectX\Tank\PingPong\Debug\MContent.obj
D:\PROJECT\Game\DirectX\Tank\PingPong\Debug\MGraphic.obj
D:\PROJECT\Game\DirectX\Tank\PingPong\Debug\MKeyboard.obj
D:\PROJECT\Game\DirectX\Tank\PingPong\Debug\WinMain.obj
D:\PROJECT\Game\DirectX\Tank\PingPong\Debug\cl.command.1.tlog
D:\PROJECT\Game\DirectX\Tank\PingPong\Debug\CL.read.1.tlog
D:\PROJECT\Game\DirectX\Tank\PingPong\Debug\CL.write.1.tlog
D:\PROJECT\Game\DirectX\Tank\PingPong\Debug\link-cvtres.read.1.tlog
D:\PROJECT\Game\DirectX\Tank\PingPong\Debug\link-cvtres.write.1.tlog
D:\PROJECT\Game\DirectX\Tank\PingPong\Debug\link-rc.read.1.tlog
D:\PROJECT\Game\DirectX\Tank\PingPong\Debug\link-rc.write.1.tlog
D:\PROJECT\Game\DirectX\Tank\PingPong\Debug\link.10396-cvtres.read.1.tlog
D:\PROJECT\Game\DirectX\Tank\PingPong\Debug\link.10396-cvtres.write.1.tlog
D:\PROJECT\Game\DirectX\Tank\PingPong\Debug\link.10396-rc.read.1.tlog
D:\PROJECT\Game\DirectX\Tank\PingPong\Debug\link.10396-rc.write.1.tlog
D:\PROJECT\Game\DirectX\Tank\PingPong\Debug\link.10396.read.1.tlog
D:\PROJECT\Game\DirectX\Tank\PingPong\Debug\link.10396.write.1.tlog
D:\PROJECT\Game\DirectX\Tank\PingPong\Debug\link.12964-cvtres.read.1.tlog
D:\PROJECT\Game\DirectX\Tank\PingPong\Debug\link.12964-cvtres.write.1.tlog
D:\PROJECT\Game\DirectX\Tank\PingPong\Debug\link.12964-rc.read.1.tlog
D:\PROJECT\Game\DirectX\Tank\PingPong\Debug\link.12964-rc.write.1.tlog
D:\PROJECT\Game\DirectX\Tank\PingPong\Debug\link.12964.read.1.tlog
D:\PROJECT\Game\DirectX\Tank\PingPong\Debug\link.12964.write.1.tlog
D:\PROJECT\Game\DirectX\Tank\PingPong\Debug\link.5988-cvtres.read.1.tlog
D:\PROJECT\Game\DirectX\Tank\PingPong\Debug\link.5988-cvtres.write.1.tlog
D:\PROJECT\Game\DirectX\Tank\PingPong\Debug\link.5988-rc.read.1.tlog
D:\PROJECT\Game\DirectX\Tank\PingPong\Debug\link.5988-rc.write.1.tlog
D:\PROJECT\Game\DirectX\Tank\PingPong\Debug\link.5988.read.1.tlog
D:\PROJECT\Game\DirectX\Tank\PingPong\Debug\link.5988.write.1.tlog
D:\PROJECT\Game\DirectX\Tank\PingPong\Debug\link.6520-cvtres.read.1.tlog
D:\PROJECT\Game\DirectX\Tank\PingPong\Debug\link.6520-cvtres.write.1.tlog
D:\PROJECT\Game\DirectX\Tank\PingPong\Debug\link.6520-rc.read.1.tlog
D:\PROJECT\Game\DirectX\Tank\PingPong\Debug\link.6520-rc.write.1.tlog
D:\PROJECT\Game\DirectX\Tank\PingPong\Debug\link.6520.read.1.tlog
D:\PROJECT\Game\DirectX\Tank\PingPong\Debug\link.6520.write.1.tlog
D:\PROJECT\Game\DirectX\Tank\PingPong\Debug\link.command.1.tlog
D:\PROJECT\Game\DirectX\Tank\PingPong\Debug\link.read.1.tlog
D:\PROJECT\Game\DirectX\Tank\PingPong\Debug\link.write.1.tlog
D:\PROJECT\Game\DirectX\Tank\PingPong\Debug\vc110.idb
D:\PROJECT\Game\DirectX\Tank\PingPong\Debug\vc110.pdb
D:\PROJECT\Game\DirectX\Tank\Debug\PingPong.pdb
D:\PROJECT\Game\DirectX\Tank\Debug\PingPong.exe
D:\PROJECT\Game\DirectX\Tank\Debug\PingPong.ilk
